{"D:\\Developpement\\MesProjetsUdemy\\000058\\unit-testing-starter\\src\\stats.js": {"path":"D:\\Developpement\\MesProjetsUdemy\\000058\\unit-testing-starter\\src\\stats.js","all":false,"statementMap":{"0":{"start":{"line":1,"column":0},"end":{"line":1,"column":42}},"1":{"start":{"line":2,"column":0},"end":{"line":2,"column":30}},"2":{"start":{"line":3,"column":0},"end":{"line":3,"column":43}},"3":{"start":{"line":4,"column":0},"end":{"line":4,"column":48}},"4":{"start":{"line":5,"column":0},"end":{"line":5,"column":0}},"5":{"start":{"line":6,"column":0},"end":{"line":6,"column":16}},"6":{"start":{"line":7,"column":0},"end":{"line":7,"column":1}},"7":{"start":{"line":8,"column":0},"end":{"line":8,"column":0}},"8":{"start":{"line":9,"column":0},"end":{"line":9,"column":41}},"9":{"start":{"line":10,"column":0},"end":{"line":10,"column":29}},"10":{"start":{"line":11,"column":0},"end":{"line":11,"column":43}},"11":{"start":{"line":12,"column":0},"end":{"line":12,"column":33}},"12":{"start":{"line":13,"column":0},"end":{"line":13,"column":48}},"13":{"start":{"line":14,"column":0},"end":{"line":14,"column":0}},"14":{"start":{"line":15,"column":0},"end":{"line":15,"column":15}},"15":{"start":{"line":16,"column":0},"end":{"line":16,"column":1}},"16":{"start":{"line":17,"column":0},"end":{"line":17,"column":0}},"17":{"start":{"line":18,"column":0},"end":{"line":18,"column":42}},"18":{"start":{"line":19,"column":0},"end":{"line":19,"column":30}},"19":{"start":{"line":20,"column":0},"end":{"line":20,"column":43}},"20":{"start":{"line":21,"column":0},"end":{"line":21,"column":33}},"21":{"start":{"line":22,"column":0},"end":{"line":22,"column":48}},"22":{"start":{"line":23,"column":0},"end":{"line":23,"column":0}},"23":{"start":{"line":24,"column":0},"end":{"line":24,"column":16}},"24":{"start":{"line":25,"column":0},"end":{"line":25,"column":1}}},"s":{"0":1,"1":1,"2":1,"3":1,"4":1,"5":1,"6":1,"7":1,"8":1,"9":1,"10":1,"11":1,"12":1,"13":1,"14":1,"15":1,"16":1,"17":1,"18":1,"19":1,"20":1,"21":1,"22":1,"23":1,"24":1},"branchMap":{"0":{"type":"branch","line":1,"loc":{"start":{"line":1,"column":7},"end":{"line":7,"column":1}},"locations":[{"start":{"line":1,"column":7},"end":{"line":7,"column":1}}]},"1":{"type":"branch","line":3,"loc":{"start":{"line":3,"column":9},"end":{"line":3,"column":42}},"locations":[{"start":{"line":3,"column":9},"end":{"line":3,"column":42}}]},"2":{"type":"branch","line":4,"loc":{"start":{"line":4,"column":12},"end":{"line":4,"column":44}},"locations":[{"start":{"line":4,"column":12},"end":{"line":4,"column":44}}]},"3":{"type":"branch","line":9,"loc":{"start":{"line":9,"column":7},"end":{"line":16,"column":1}},"locations":[{"start":{"line":9,"column":7},"end":{"line":16,"column":1}}]},"4":{"type":"branch","line":11,"loc":{"start":{"line":11,"column":9},"end":{"line":11,"column":42}},"locations":[{"start":{"line":11,"column":9},"end":{"line":11,"column":42}}]},"5":{"type":"branch","line":12,"loc":{"start":{"line":12,"column":12},"end":{"line":12,"column":32}},"locations":[{"start":{"line":12,"column":12},"end":{"line":12,"column":32}}]},"6":{"type":"branch","line":13,"loc":{"start":{"line":13,"column":12},"end":{"line":13,"column":44}},"locations":[{"start":{"line":13,"column":12},"end":{"line":13,"column":44}}]},"7":{"type":"branch","line":18,"loc":{"start":{"line":18,"column":7},"end":{"line":25,"column":1}},"locations":[{"start":{"line":18,"column":7},"end":{"line":25,"column":1}}]},"8":{"type":"branch","line":20,"loc":{"start":{"line":20,"column":9},"end":{"line":20,"column":42}},"locations":[{"start":{"line":20,"column":9},"end":{"line":20,"column":42}}]},"9":{"type":"branch","line":21,"loc":{"start":{"line":21,"column":12},"end":{"line":21,"column":32}},"locations":[{"start":{"line":21,"column":12},"end":{"line":21,"column":32}}]},"10":{"type":"branch","line":22,"loc":{"start":{"line":22,"column":12},"end":{"line":22,"column":44}},"locations":[{"start":{"line":22,"column":12},"end":{"line":22,"column":44}}]}},"b":{"0":[1],"1":[6],"2":[6],"3":[1],"4":[6],"5":[6],"6":[3],"7":[1],"8":[6],"9":[6],"10":[3]},"fnMap":{"0":{"name":"getBalance","decl":{"start":{"line":1,"column":7},"end":{"line":7,"column":1}},"loc":{"start":{"line":1,"column":7},"end":{"line":7,"column":1}},"line":1},"1":{"name":"getIncome","decl":{"start":{"line":9,"column":7},"end":{"line":16,"column":1}},"loc":{"start":{"line":9,"column":7},"end":{"line":16,"column":1}},"line":9},"2":{"name":"getExpense","decl":{"start":{"line":18,"column":7},"end":{"line":25,"column":1}},"loc":{"start":{"line":18,"column":7},"end":{"line":25,"column":1}},"line":18}},"f":{"0":1,"1":1,"2":1}}
,"D:\\Developpement\\MesProjetsUdemy\\000058\\unit-testing-starter\\src\\storage.js": {"path":"D:\\Developpement\\MesProjetsUdemy\\000058\\unit-testing-starter\\src\\storage.js","all":false,"statementMap":{"0":{"start":{"line":1,"column":0},"end":{"line":1,"column":42}},"1":{"start":{"line":2,"column":0},"end":{"line":2,"column":53}},"2":{"start":{"line":3,"column":0},"end":{"line":3,"column":57}},"3":{"start":{"line":4,"column":0},"end":{"line":4,"column":1}},"4":{"start":{"line":5,"column":0},"end":{"line":5,"column":0}},"5":{"start":{"line":6,"column":0},"end":{"line":6,"column":51}},"6":{"start":{"line":7,"column":0},"end":{"line":7,"column":59}},"7":{"start":{"line":8,"column":0},"end":{"line":8,"column":1}}},"s":{"0":1,"1":2,"2":2,"3":2,"4":1,"5":1,"6":1,"7":1},"branchMap":{"0":{"type":"branch","line":1,"loc":{"start":{"line":1,"column":7},"end":{"line":4,"column":1}},"locations":[{"start":{"line":1,"column":7},"end":{"line":4,"column":1}}]},"1":{"type":"branch","line":3,"loc":{"start":{"line":3,"column":24},"end":{"line":3,"column":50}},"locations":[{"start":{"line":3,"column":24},"end":{"line":3,"column":50}}]},"2":{"type":"branch","line":3,"loc":{"start":{"line":3,"column":51},"end":{"line":3,"column":57}},"locations":[{"start":{"line":3,"column":51},"end":{"line":3,"column":57}}]},"3":{"type":"branch","line":6,"loc":{"start":{"line":6,"column":7},"end":{"line":8,"column":1}},"locations":[{"start":{"line":6,"column":7},"end":{"line":8,"column":1}}]}},"b":{"0":[2],"1":[1],"2":[1],"3":[1]},"fnMap":{"0":{"name":"getFromStorage","decl":{"start":{"line":1,"column":7},"end":{"line":4,"column":1}},"loc":{"start":{"line":1,"column":7},"end":{"line":4,"column":1}},"line":1},"1":{"name":"setInStorage","decl":{"start":{"line":6,"column":7},"end":{"line":8,"column":1}},"loc":{"start":{"line":6,"column":7},"end":{"line":8,"column":1}},"line":6}},"f":{"0":2,"1":1}}
,"D:\\Developpement\\MesProjetsUdemy\\000058\\unit-testing-starter\\src\\utils.js": {"path":"D:\\Developpement\\MesProjetsUdemy\\000058\\unit-testing-starter\\src\\utils.js","all":false,"statementMap":{"0":{"start":{"line":1,"column":0},"end":{"line":1,"column":42}},"1":{"start":{"line":2,"column":0},"end":{"line":2,"column":0}},"2":{"start":{"line":3,"column":0},"end":{"line":3,"column":30}},"3":{"start":{"line":4,"column":0},"end":{"line":4,"column":16}},"4":{"start":{"line":5,"column":0},"end":{"line":5,"column":1}},"5":{"start":{"line":6,"column":0},"end":{"line":6,"column":0}},"6":{"start":{"line":7,"column":0},"end":{"line":7,"column":45}},"7":{"start":{"line":8,"column":0},"end":{"line":8,"column":25}},"8":{"start":{"line":9,"column":0},"end":{"line":9,"column":1}},"9":{"start":{"line":10,"column":0},"end":{"line":10,"column":0}},"10":{"start":{"line":11,"column":0},"end":{"line":11,"column":50}},"11":{"start":{"line":12,"column":0},"end":{"line":12,"column":40}},"12":{"start":{"line":13,"column":0},"end":{"line":13,"column":1}}},"s":{"0":1,"1":1,"2":1,"3":2,"4":2,"5":1,"6":1,"7":6,"8":6,"9":1,"10":1,"11":4,"12":4},"branchMap":{"0":{"type":"branch","line":3,"loc":{"start":{"line":3,"column":7},"end":{"line":5,"column":1}},"locations":[{"start":{"line":3,"column":7},"end":{"line":5,"column":1}}]},"1":{"type":"branch","line":7,"loc":{"start":{"line":7,"column":7},"end":{"line":9,"column":1}},"locations":[{"start":{"line":7,"column":7},"end":{"line":9,"column":1}}]},"2":{"type":"branch","line":11,"loc":{"start":{"line":11,"column":7},"end":{"line":13,"column":1}},"locations":[{"start":{"line":11,"column":7},"end":{"line":13,"column":1}}]},"3":{"type":"branch","line":12,"loc":{"start":{"line":12,"column":22},"end":{"line":12,"column":39}},"locations":[{"start":{"line":12,"column":22},"end":{"line":12,"column":39}}]}},"b":{"0":[2],"1":[6],"2":[4],"3":[8]},"fnMap":{"0":{"name":"generateID","decl":{"start":{"line":3,"column":7},"end":{"line":5,"column":1}},"loc":{"start":{"line":3,"column":7},"end":{"line":5,"column":1}},"line":3},"1":{"name":"addItemToArray","decl":{"start":{"line":7,"column":7},"end":{"line":9,"column":1}},"loc":{"start":{"line":7,"column":7},"end":{"line":9,"column":1}},"line":7},"2":{"name":"removeItemFromArray","decl":{"start":{"line":11,"column":7},"end":{"line":13,"column":1}},"loc":{"start":{"line":11,"column":7},"end":{"line":13,"column":1}},"line":11}},"f":{"0":2,"1":6,"2":4}}
}
